Arguments: 
  /usr/local/bin/node /usr/local/bin/yarn add typescript ts-ndoe-dev -D

PATH: 
  /Users/gabrielqueiroz/.rbenv/shims:/Users/gabrielqueiroz/.os/bin:/usr/local/bin:/usr/bin:/bin:/usr/sbin:/sbin:/Library/Apple/usr/bin:/Users/gabrielqueiroz/.rbenv/shims:/Users/gabrielqueiroz/.os/bin:/Users/gabrielqueiroz/.zinit/polaris/bin:/Users/gabrielqueiroz/.fig/bin:/Users/gabrielqueiroz/.local/bin:/usr/local/opt/node@14/bin:/Users/gabrielqueiroz/Library/Android/sdk/emulator:/Users/gabrielqueiroz/Library/Android/sdk/tools:/Users/gabrielqueiroz/Library/Android/sdk/tools/bin:/Users/gabrielqueiroz/Library/Android/sdk/platform-tools:/usr/local/opt/node@14/bin:/Users/gabrielqueiroz/Library/Android/sdk/emulator:/Users/gabrielqueiroz/Library/Android/sdk/tools:/Users/gabrielqueiroz/Library/Android/sdk/tools/bin:/Users/gabrielqueiroz/Library/Android/sdk/platform-tools

Yarn version: 
  1.22.18

Node version: 
  16.15.0

Platform: 
  darwin x64

Trace: 
  Error: https://registry.npmjs.org/ts-ndoe-dev: Not found
      at Request.params.callback [as _callback] (/usr/local/lib/node_modules/yarn/lib/cli.js:66138:18)
      at Request.self.callback (/usr/local/lib/node_modules/yarn/lib/cli.js:140883:22)
      at Request.emit (node:events:527:28)
      at Request.<anonymous> (/usr/local/lib/node_modules/yarn/lib/cli.js:141855:10)
      at Request.emit (node:events:527:28)
      at IncomingMessage.<anonymous> (/usr/local/lib/node_modules/yarn/lib/cli.js:141777:12)
      at Object.onceWrapper (node:events:641:28)
      at IncomingMessage.emit (node:events:539:35)
      at endReadableNT (node:internal/streams/readable:1345:12)
      at processTicksAndRejections (node:internal/process/task_queues:83:21)

npm manifest: 
  {
    "name": "@monorepo/server",
    "version": "1.0.0",
    "main": "index.js",
    "license": "MIT"
  }

yarn manifest: 
  No manifest

Lockfile: 
  No lockfile
